<?xml version="1.0" encoding="UTF-8"?>
<!-- Generated by org.testng.reporters.JUnitReportReporter -->
<testsuite hostname="DESKTOP-67ELQGQ" failures="0" tests="1" name="com.hybridFramework.testCases.TC_LoginTest_001" time="2.072" errors="0" timestamp="28 May 2020 03:28:04 GMT" skipped="0">
  <testcase classname="com.hybridFramework.testCases.TC_LoginTest_001" name="loginTest" time="2.072"/>
</testsuite> <!-- com.hybridFramework.testCases.TC_LoginTest_001 -->
